Hello
Read_Recipe: ../../recipes and ingredients/Banana Pancakes.rcp: Successfuly performed0
Read_Recipe: ../../recipes and ingredients/Barramundi with Moroccan spices.rcp: Successfuly performed0
Read_Recipe: ../../recipes and ingredients/Apple & Blackberry Crumble.rcp: Successfuly performed0
Read_Recipe: ../../recipes and ingredients/Ayam Percik.rcp: Successfuly performed0
Read_Recipe: ../../recipes and ingredients/Baba Ghanoush.rcp: Successfuly performed0
Read_Recipe: ../../recipes and ingredients/Bakewell tart.rcp: Successfuly performed0
Read_Recipe: ../../recipes and ingredients/Apam balik.rcp: Successfuly performed0
rforRead_Recipe: ../../recipes and ingredients/Battenberg Cake.rcp: Successfuly performed0
Read_Recipe: ../../recipes and ingredients/Baingan Bharta.rcp: Successfuly performed0
Read_Recipe: ../../recipes and ingredients/Baked salmon with fennel & tomatoes.rcp: Successfuly performed0
Read_Recipe: ../../recipes and ingredients/Bean & Sausage Hotpot.rcp: Successfuly performed0
Read_Recipe: ../../recipes and ingredients/BBQ Pork Sloppy Joes.rcp: Successfuly performed0
Read_Recipe: ../../recipes and ingredients/Beef Brisket Pot Roast.rcp: Successfuly performed0
Read_Recipe: ../../recipes and ingredients/Beef Bourguignon.rcp: Successfuly performed0
Read_Recipe: ../../recipes and ingredients/Beef and Oyster pie.rcp: Successfuly performed0
Read_Recipe: ../../recipes and ingredients/Big Mac.rcp: Successfuly performed0
Read_Recipe: ../../recipes and ingredients/Beef Banh Mi Bowls with Sriracha Mayo, Carrot & Pickled Cucumber.rcp: Successfuly performed0
Read_Recipe: ../../recipes and ingredients/Bigos (Hunters Stew).rcp: Successfuly performed0
Read_Recipe: ../../recipes and ingredients/Beef Mechado.rcp: Successfuly performed0
Read_Recipe: ../../recipes and ingredients/Beef Caldereta.rcp: Successfuly performed0
Read_Recipe: ../../recipes and ingredients/Braised Beef Chilli.rcp: Successfuly performed0
Read_Recipe: ../../recipes and ingredients/Blueberry & lemon friands.rcp: Successfuly performed0
Read_Recipe: ../../recipes and ingredients/Cabbage Soup (Shchi).rcp: Successfuly performed0
Read_Recipe: ../../recipes and ingredients/Carrot Cake.rcp: Successfuly performed0
Read_Recipe: ../../recipes and ingredients/Canadian Butter Tarts.rcp: Successfuly performed0
Read_Recipe: ../../recipes and ingredients/Boxty Breakfast.rcp: Successfuly performed0
Read_Recipe: ../../recipes and ingredients/Chocolate Raspberry Brownies.rcp: Successfuly performed0
Read_Recipe: ../../recipes and ingredients/Beetroot Soup (Borscht).rcp: Successfuly performed0
Read_Recipe: ../../recipes and ingredients/Beef and Mustard Pie.rcp: Successfuly performed0
Read_Recipe: ../../recipes and ingredients/Beef Rendang.rcp: Successfuly performed0
Read_Recipe: ../../recipes and ingredients/Beef Lo Mein.rcp: Successfuly performed0
Read_Recipe: ../../recipes and ingredients/Beef Sunday Roast.rcp: Successfuly performed0
Read_Recipe: ../../recipes and ingredients/Callaloo Jamaican Style.rcp: Successfuly performed0
Read_Recipe: ../../recipes and ingredients/Budino Di Ricotta.rcp: Successfuly performed0
Read_Recipe: ../../recipes and ingredients/Beef Wellington.rcp: Successfuly performed0
Read_Recipe: ../../recipes and ingredients/Chakchouka .rcp: Successfuly performed0
Read_Recipe: ../../recipes and ingredients/Beef Dumpling Stew.rcp: Successfuly performed0
Read_Recipe: ../../recipes and ingredients/Chelsea Buns.rcp: Successfuly performed0
Read_Recipe: ../../recipes and ingredients/Bistek.rcp: Successfuly performed0
Read_Recipe: ../../recipes and ingredients/Chicken Alfredo Primavera.rcp: Successfuly performed0
Read_Recipe: ../../recipes and ingredients/Chicken Basquaise.rcp: Successfuly performed0
Read_Recipe: ../../recipes and ingredients/Chicken Enchilada Casserole.rcp: Successfuly performed0
Read_Recipe: ../../recipes and ingredients/Chicken Fajita Mac and Cheese.rcp: Successfuly performed0
Read_Recipe: ../../recipes and ingredients/Chicken Quinoa Greek Salad.rcp: Successfuly performed0
Read_Recipe: ../../recipes and ingredients/Chickpea Fajitas.rcp: Successfuly performed0
ormed0

Read_Recipe: ../../recipes and ingredients/Blini Pancakes.rcp: Successfuly performed0Read_Recipe: ../../recipes and ingredients/Classic Christmas pudding.rcp: Successfuly performed0
Read_Recipe: ../../recipes and ingredients/Brie wrapped in prosciutto & brioche.rcp: Successfuly performed0
Read_Recipe: ../../recipes and ingredients/Burek.rcp: Successfuly performed0
Read_Recipe: ../../recipes and ingredients/Brown Stew Chicken.rcp: Successfuly performed0
Read_Recipe: ../../recipes and ingredients/Cajun spiced fish tacos.rcp: Successfuly performed0
Read_Recipe: ../../recipes and ingredients/Beef stroganoff.rcp: Successfuly performed0
Read_Recipe: ../../recipes and ingredients/Breakfast Potatoes.rcp: Successfuly performed0
Read_Recipe: ../../recipes and ingredients/Bitterballen (Dutch meatballs).rcp: Successfuly performed0
Read_Recipe: ../../recipes and ingredients/Cashew Ghoriba Biscuits.rcp: Successfuly performed0
Read_Recipe: ../../recipes and ingredients/Christmas cake.rcp: Successfuly performed0
Read_Recipe: ../../recipes and ingredients/Coddled pork with cider.rcp: Successfuly performed0
Read_Recipe: ../../recipes and ingredients/Corned Beef and Cabbage.rcp: Successfuly performed0
Read_Recipe: ../../recipes and ingredients/Chick-Fil-A Sandwich.rcp: Successfuly performed0
Read_Recipe: ../../recipes and ingredients/Chicken Couscous.rcp: Successfuly performed0
Read_Recipe: ../../recipes and ingredients/Chicken Congee.rcp: Successfuly performed0
Read_Recipe: ../../recipes and ingredients/Corba.rcp: Successfuly performed0
Read_Recipe: ../../recipes and ingredients/Chicken Parmentier.rcp: Successfuly performed0
med0

Read_Recipe: ../../recipes and ingredients/Crispy Sausages and Greens.rcp: Successfuly performed0
Read_Recipe: ../../recipes and ingredients/Chilli prawn linguine.rcp: Successfuly performed0
Read_Recipe: ../../recipes and ingredients/Choc Chip Pecan Pie.rcp: Successfuly performed0
Read_Recipe: ../../recipes and ingredients/Cream Cheese Tart.rcp: Successfuly performed0
Read_Recipe: ../../recipes and ingredients/Chivito uruguayo.rcp: Successfuly performed0

Read_Recipe: ../../recipes and ingredients/Corned Beef Hash.rcp: Successfuly performed0

Read_Recipe: ../../recipes and ingredients/Duck Confit.rcp: Successfuly performed0
Read_Recipe: ../../recipes and ingredients/Crispy Eggplant.rcp: Successfuly performed0
Read_Recipe: ../../recipes and ingredients/Eggplant Adobo.rcp: Successfuly performed0
Read_Recipe: ../../recipes and ingredients/Chocolate Gateau.rcp: Successfuly performed0
Read_Recipe: ../../recipes and ingredients/Eton Mess.rcp: Successfuly performed0
Read_Recipe: ../../recipes and ingredients/Christmas Pudding Trifle.rcp: Successfuly performed0
Read_Recipe: ../../recipes and ingredients/Falafel Pita Sandwich with Tahini Sauce.rcp: Successfuly performed0
Read_Recipe: ../../recipes and ingredients/Dundee cake.rcp: Successfuly performed0
Read_Recipe: ../../recipes and ingredients/Dal fry.rcp: Successfuly performed0
Read_Recipe: ../../recipes and ingredients/Cumberland Pie.rcp: Successfuly performed0
Read_Recipe: ../../recipes and ingredients/Croatian lamb peka.rcp: Successfuly performed0
Read_Recipe: ../../recipes and ingredients/Crock Pot Chicken Baked Tacos.rcp: Successfuly performed0
Read_Recipe: ../../recipes and ingredients/Egg Drop Soup.rcp: Successfuly performed0
Read_Recipe: ../../recipes and ingredients/English Breakfast.rcp: Successfuly performed0
Read_Recipe: ../../recipes and ingredients/Eccles Cakes.rcp: Successfuly performed0
Read_Recipe: ../../recipes and ingredients/Fasoliyyeh Bi Z-Zayt (Syrian Green Beans with Olive Oil).rcp: Successfuly performed0
Read_Recipe: ../../recipes and ingredients/Feteer Meshaltet.rcp: Successfuly performed0
Read_Recipe: ../../recipes and ingredients/Christmas Pudding Flapjack.rcp: Successfuly performed0
Read_Recipe: ../../recipes and ingredients/Fennel Dauphinoise.rcp: Successfuly performed0
Read_Recipe: ../../recipes and ingredients/Croatian Bean Stew.rcp: Successfuly performed0
Read_Recipe: ../../recipes and ingredients/Fettuccine Alfredo.rcp: Successfuly performed0
Read_Recipe: ../../recipes and ingredients/Escovitch Fish.rcp: Successfuly performed0
Read_Recipe: ../../recipes and ingredients/French Onion Chicken with Roasted Carrots & Mashed Potatoes.rcp: Successfuly performed0
Read_Recipe: ../../recipes and ingredients/Fish Stew with Rouille.rcp: Successfuly performed0
Read_Recipe: ../../recipes and ingredients/Egyptian Fatteh.rcp: Successfuly performed0
Read_Recipe: ../../recipes and ingredients/Fresh sardines.rcp: Successfuly performed0
Read_Recipe: ../../recipes and ingredients/Full English Breakfast.rcp: Successfuly performed0
Read_Recipe: ../../recipes and ingredients/French Lentils With Garlic and Thyme.rcp: Successfuly performed0
Read_Recipe: ../../recipes and ingredients/French Omelette.rcp: Successfuly performed0
Read_Recipe: ../../recipes and ingredients/Fruit and Cream Cheese Breakfast Pastries.rcp: Successfuly performed0
Read_Recipe: ../../recipes and ingredients/Garides Saganaki.rcp: Successfuly performed0

Read_Recipe: ../../recipes and ingredients/Flamiche.rcp: Successfuly performed0
Read_Recipe: ../../recipes and ingredients/Fish fofos.rcp: Successfuly performed0
Read_Recipe: ../../recipes and ingredients/Ful Medames.rcp: Successfuly performed0
Read_Recipe: ../../recipes and ingredients/Ham hock colcannon.rcp: Successfuly performed0
Read_Recipe: ../../recipes and ingredients/French Onion Soup.rcp: Successfuly performed0
Read_Recipe: ../../recipes and ingredients/General Tsos Chicken.rcp: Successfuly performed0
Read_Recipe: ../../recipes and ingredients/Grilled eggplant with coconut milk.rcp: Successfuly performed0
Read_Recipe: ../../recipes and ingredients/Golabki (cabbage roll).rcp: Successfuly performed0
Read_Recipe: ../../recipes and ingredients/Grilled Mac and Cheese Sandwich.rcp: Successfuly performed0
Read_Recipe: ../../recipes and ingredients/Honey Teriyaki Salmon.rcp: Successfuly performed0
Read_Recipe: ../../recipes and ingredients/Grilled Portuguese sardines.rcp: Successfuly performed0
Read_Recipe: ../../recipes and ingredients/Irish stew.rcp: Successfuly performed0
Read_Recipe: ../../recipes and ingredients/Honey Balsamic Chicken with Crispy Broccoli & Potatoes.rcp: Successfuly performed0
edients/Honey Yogurt Cheesecake.rcp: Successfuly performed0
Read_Recipe: ../../recipes and ingredients/Hot Chocolate Fudge.rcp: Successfuly performed0
Read_Recipe: ../../recipes and ingredients/Hot and Sour Soup.rcp: Successfuly performed0
Read_Recipe: ../../recipes and ingredients/Mee goreng mamak.rcp: Successfuly performed0
Read_Recipe: ../../recipes and ingredients/Home-made Mandazi.rcp: Successfuly performed0
Read_Recipe: ../../recipes and ingredients/Kung Pao Chicken.rcp: Successfuly performed0
pe: ../../recipes and ingredients/Kafteji.rcp: Successfuly performed0
Read_Recipe: ../../recipes and ingredients/Jam Roly-Poly.rcp: Successfuly performed0
Read_Recipe: ../../recipes and ingredients/Jerk chicken with rice & peas.rcp: Successfuly performed0
Read_Recipe: ../../recipes and ingredients/Japanese Katsudon.rcp: Successfuly performed0
Read_Recipe: ../../recipes and ingredients/Keleya Zaara.rcp: Successfuly performed0
Read_Recipe: ../../recipes and ingredients/Jamaican Beef Patties.rcp: Successfuly performed0
Read_Recipe: ../../recipes and ingredients/Krispy Kreme Donut.rcp: Successfuly performed0
Read_Recipe: ../../recipes and ingredients/Key Lime Pie.rcp: Successfuly performed0
ed0
Read_Recipe: ../../recipes and ingredients/Kung Po Prawns.rcp: Successfuly performed0
Read_Recipe: ../../recipes and ingredients/Leblebi Soup.rcp: Successfuly performed0
erformed0

Read_Recipe: ../../recipes and ingredients/Lamingtons.rcp: Successfuly performed0
Read_Recipe: ../../recipes and ingredients/Montreal Smoked Meat.rcp: Successfuly performed0
Read_Recipe: ../../recipes and ingredients/Lamb Tzatziki Burgers.rcp: Successfuly performed0Read_Recipe: ../../recipes and ingredients/Syrian Spaghetti.rcp: Successfuly performed0
0
rmed0
Read_Recipe: ../../recipes and ingredients/Moussaka.rcp: Successfuly performed0
Read_Recipe: ../../recipes and ingredients/Mushroom soup with buckwheat.rcp: Successfuly performed0
Read_Recipe: ../../recipes and ingredients/Yaki Udon.rcp: Successfuly performed0
Read_Recipe: ../../recipes and ingredients/Mulukhiyah.rcp: Successfuly performed0
Read_Recipe: ../../recipes and ingredients/Mushroom & Chestnut Rotolo.rcp: Successfuly performed0
Read_Recipe: ../../recipes and ingredients/Kapsalon.rcp: Successfuly performed0
fuly performed0
Read_Recipe: ../../recipes and ingredients/Lamb Rogan josh.rcp: Successfuly performed0
Read_Recipe: ../../recipes and ingredients/Lamb Pilaf (Plov).rcp: Successfuly performed0
ed0
Read_Recipe: ../../recipes and ingredients/Vegan Chocolate Cake.rcp: Successfuly performed0
Read_Recipe: ../../recipes and ingredients/Peanut Butter Cookies.rcp: Successfuly performed0

Read_Recipe: ../../recipes and ingredients/Poutine.rcp: Successfuly performed0
Read_Recipe: ../../recipes and ingredients/Rappie Pie.rcp: Successfuly performed0
Read_Recipe: ../../recipes and ingredients/Shakshuka.rcp: Successfuly performed0
Read_Recipe: ../../recipes and ingredients/Spotted Dick.rcp: Successfuly performed0
Read_Recipe: ../../recipes and ingredients/Smoked Haddock Kedgeree.rcp: Successfuly performed0
Read_Recipe: ../../recipes and ingredients/Split Pea Soup.rcp: Successfuly performed0
Read_Recipe: ../../recipes and ingredients/Spiced smoky barbecued chicken.rcp: Successfuly performed0
Read_Recipe: ../../recipes and ingredients/Soy-Glazed Meatloaves with Wasabi Mashed Potatoes & Roasted Carrots.rcp: Successfuly performed0
Read_Recipe: ../../recipes and ingredients/Squid, chickpea & chorizo salad.rcp: Successfuly performed0
Read_Recipe: ../../recipes and ingredients/Sticky Toffee Pudding Ultimate.rcp: Successfuly performed0
Read_Recipe: ../../recipes and ingredients/Stamppot.rcp: Successfuly performed0
Read_Recipe: ../../recipes and ingredients/Syrian Rice with Meat.rcp: Successfuly performed0
Read_Recipe: ../../recipes and ingredients/Strawberry Rhubarb Pie.rcp: Successfuly performed0
Read_Recipe: ../../recipes and ingredients/White chocolate creme brulee.rcp: Successfuly performed0
essfuly performed0
Warm roast asparagus salad.rcp: Successfuly performed0
Read_Recipe: ../../recipes and ingredients/Tamiya.rcp: Successfuly performed0
Read_Recipe: ../../recipes and ingredients/Madeira Cake.rcp: Successfuly performed0
Read_Recipe: ../../recipes and ingredients/McSinghs Scotch pie.rcp: Successfuly performed0
Read_Recipe: ../../recipes and ingredients/Kedgeree.rcp: Successfuly performed0

Read_Recipe: ../../recipes and ingredients/Tourtiere.rcp: Successfuly performed0
Read_Recipe: ../../recipes and ingredients/Tuna Nicoise.rcp: Successfuly performed0
Read_Recipe: ../../recipes and ingredients/Spicy Arrabiata Penne.rcp: Successfuly performed0
Read_Recipe: ../../recipes and ingredients/Rock Cakes.rcp: Successfuly performed0
Read_Recipe: ../../recipes and ingredients/Pear Tarte Tatin.rcp: Successfuly performed0
Read_Recipe: ../../recipes and ingredients/Polskie Nalesniki (Polish Pancakes).rcp: Successfuly performed0
Read_Recipe: ../../recipes and ingredients/Portuguese custard tarts.rcp: Successfuly performed0
Read_Recipe: ../../recipes and ingredients/Potato Salad (Olivier Salad).rcp: Successfuly performed0
Read_Recipe: ../../recipes and ingredients/Lamb tomato and sweet spices.rcp: Successfuly performed0
Read_Recipe: ../../recipes and ingredients/Rogaliki (Polish Croissant Cookies).rcp: Successfuly performed0
Read_Recipe: ../../recipes and ingredients/Lamb and Potato pie.rcp: Successfuly performed0
Read_Recipe: ../../recipes and ingredients/Lamb Tagine.rcp: Successfuly performed0
Read_Recipe: ../../recipes and ingredients/Shrimp Chow Fun.rcp: Successfuly performed0
Read_Recipe: ../../recipes and ingredients/Skillet Apple Pork Chops with Roasted Sweet Potatoes & Zucchini.rcp: Successfuly performed0
Read_Recipe: ../../recipes and ingredients/Smoky Lentil Chili with Squash.rcp: Successfuly performed0
Read_Recipe: ../../recipes and ingredients/Lasagna Sandwiches.rcp: Successfuly performed0
Read_Recipe: ../../recipes and ingredients/Ma Po Tofu.rcp: Successfuly performed0
Read_Recipe: ../../recipes and ingredients/Squash linguine.rcp: Successfuly performed0
Read_Recipe: ../../recipes and ingredients/Spring onion and prawn empanadas.rcp: Successfuly performed0
Read_Recipe: ../../recipes and ingredients/Snert (Dutch Split Pea Soup).rcp: Successfuly performed0
Read_Recipe: ../../recipes and ingredients/Spanish Tortilla.rcp: Successfuly performed0
Read_Recipe: ../../recipes and ingredients/Spinach & Ricotta Cannelloni.rcp: Successfuly performed0
d0
Read_Recipe: ../../recipes and ingredients/Steak and Kidney Pie.rcp: Successfuly performed0
Read_Recipe: ../../recipes and ingredients/Steak Diane.rcp: Successfuly performed0
Read_Recipe: ../../recipes and ingredients/Tonkatsu pork.rcp: Successfuly performed0
Read_Recipe: ../../recipes and ingredients/Lancashire hotpot.rcp: Successfuly performed0
Read_Recipe: ../../recipes and ingredients/Turkey Meatloaf.rcp: Successfuly performed0
Read_Recipe: ../../recipes and ingredients/Yorkshire Puddings.rcp: Successfuly performed0
Read_Recipe: ../../recipes and ingredients/Tunisian Orange Cake.rcp: Successfuly performed0
Read_Recipe: ../../recipes and ingredients/Tortang Talong.rcp: Successfuly performed0
Read_Recipe: ../../recipes and ingredients/Tunisian Lamb Soup.rcp: Successfuly performed0
Read_Recipe: ../../recipes and ingredients/Three Fish Pie.rcp: Successfuly performed0
Read_Recipe: ../../recipes and ingredients/Tuna and Egg Briks.rcp: Successfuly performed0
Read_Recipe: ../../recipes and ingredients/Vegetarian Chilli.rcp: Successfuly performed0
Read_Recipe: ../../recipes and ingredients/Pilchard puttanesca.rcp: Successfuly performed0
ly perfoRead_Recipe: ../../recipes and ingredients/Prawn & Fennel Bisque.rcp: Successfuly performed0
0
Read_Recipe: ../../recipes and ingredients/Potato Gratin with Chicken.rcp: Successfuly performed0
Read_Recipe: ../../recipes and ingredients/Pork Cassoulet.rcp: Successfuly performed0
cp: Successfuly performRead_Recipe: ../../recipes and ingredients/Thai Green Curry.rcp: Successfuly performed0
ed0
ed0
Read_Recipe: ../../recipes and ingredients/Salted Caramel Cheescake.rcp: Successfuly performed0
Read_Recipe: ../../recipes and ingredients/Sledz w Oleju (Polish Herrings).rcp: Successfuly performed0
Read_Recipe: ../../recipes and ingredients/Salmon Avocado Salad.rcp: Successfuly performed0
Read_Recipe: ../../recipes and ingredients/Tahini Lentils.rcp: Successfuly performed0
Read_Recipe: ../../recipes and ingredients/Teriyaki Chicken Casserole.rcp: Successfuly performed0
Read_Recipe: ../../recipes and ingredients/Traditional Croatian Goulash.rcp: Successfuly performed0
Read_Recipe: ../../recipes and ingredients/Pad See Ew.rcp: Successfuly performed0
Read_Recipe: ../../recipes and ingredients/Nutty Chicken Curry.rcp: Successfuly performed0
Read_Recipe: ../../recipes and ingredients/Wontons.rcp: Successfuly performed0
Read_Recipe: ../../recipes and ingredients/Summer Pudding.rcp: Successfuly performed0
med0
Read_Recipe: ../../recipes and ingredients/Pizza Express Margherita.rcp: Successfuly performed0
Read_Recipe: ../../recipes and ingredients/Peach & Blueberry Grunt.rcp: Successfuly performed0
fuly performed0
Read_Recipe: ../../recipes and ingredients/Pumpkin Pie.rcp: Successfuly performed0
Read_Recipe: ../../recipes and ingredients/New York cheesecake.rcp: Successfuly performed0
rmed0
Read_Recipe: ../../recipes and ingredients/Salmon Prawn Risotto.rcp: Successfuly performed0
rmed0
Read_Recipe: ../../recipes and ingredients/Tandoori chicken.rcp: Successfuly performed0
: Successfuly performed0
Read_Recipe: ../../recipes and ingredients/Sushi.rcp: Successfuly performed0
uly performed0
n Yogurt.rcp: Successfuly performed0
Read_Recipe: ../../recipes and ingredients/Strawberries Romanoff.rcp: Successfuly performed0
Read_Recipe: ../../recipes and ingredients/Sugar Pie.rcp: Successfuly performed0
Read_Recipe: ../../recipes and ingredients/Tarte Tatin.rcp: Successfuly performed0
Read_Recipe: ../../recipes and ingredients/Vegetable Shepherds Pie.rcp: Successfuly performed0
Read_Recipe: ../../recipes and ingredients/Three-cheese souffles.rcp: Successfuly performed0
Read_Recipe: ../../recipes and ingredients/Treacle Tart.rcp: Successfuly performed0
Initialization: Successfuly performed0

Deinitialization: Successfuly performed0
