Hello
Read_Recipe: ../../../../recipes and ingredients/Apam balik.rcp: Successfuly performed0
Read_Recipe: ../../../../recipes and ingredients/Baingan Bharta.rcp: Successfuly performed0
Read_Recipe: ../../../../recipes and ingredients/Baba Ghanoush.rcp: Successfuly performed0
Read_Recipe: ../../../../recipes and ingredients/Bean & Sausage Hotpot.rcp: Successfuly performed0
Read_Recipe: ../../../../recipes and ingredients/BeaverTails.rcp: Successfuly performed0
Read_Recipe: ../../../../recipes and ingredients/Beetroot Soup (Borscht).rcp: Successfuly performed0
Read_Recipe: ../../../../recipes and ingredients/Beef Brisket Pot Roast.rcp: Successfuly performed0
Read_Recipe: ../../../../recipes and ingredients/Apple Frangipan Tart.rcp: Successfuly performed0
Read_Recipe: ../../../../recipes and ingredients/Beef Wellington.rcp: Successfuly performed0
Read_Recipe: ../../../../recipes and ingredients/Cevapi Sausages.rcp: Successfuly performed0
essfuly performed0
Read_Recipe: ../../../../recipes and ingredients/Battenberg Cake.rcp: Successfuly performed0
Read_Recipe: ../../../../recipes and ingredients/Barramundi with Moroccan spices.rcp: Successfuly performed0
Read_Recipe: ../../../../recipes and ingredients/Cashew Ghoriba Biscuits.rcp: Successfuly performed0
Read_Recipe: ../../../../recipes and ingredients/Bigos (Hunters Stew).rcp: Successfuly performed0
Read_Recipe: ../../../../recipes and ingredients/Chelsea Buns.rcp: Successfuly performed0
Read_Recipe: ../../../../recipes and ingredients/Beef and Oyster pie.rcp: Successfuly performed0
Read_Recipe: ../../../../recipes and ingredients/Beef Rendang.rcp: Successfuly performed0
Read_Recipe: ../../../../recipes and ingredients/Blini Pancakes.rcp: Successfuly performed0
Read_Recipe: ../../../../recipes and ingredients/Brown Stew Chicken.rcp: Successfuly performed0
Read_Recipe: ../../../../recipes and ingredients/Beef Mechado.rcp: Successfuly performed0
Read_Recipe: ../../../../recipes and ingredients/Beef stroganoff.rcp: Successfuly performed0
Read_Recipe: ../../../../recipes and ingredients/Bitterballen (Dutch meatballs).rcp: Successfuly performed0
Read_Recipe: ../../../../recipes and ingredients/Chicken Handi.rcp: Successfuly performed0
0
Read_Recipe: ../../../../recipes and ingredients/Apple & Blackberry Crumble.rcp: Successfuly performed0
Read_Recipe: ../../../../recipes and ingredients/Cumberland Pie.rcp: Successfuly performed0
med0
Read_Recipe: ../../../../recipes and ingredients/Fasoliyyeh Bi Z-Zayt (Syrian Green Beans with Olive Oil).rcp: Successfuly performed0
Read_Recipe: ../../../../recipes and ingredients/Chicken Alfredo Primavera.rcp: Successfuly performed0
Read_Recipe: ../../../../recipes and ingredients/Beef Sunday Roast.rcp: Successfuly performed0
Read_Recipe: ../../../../recipes and ingredients/Fettuccine Alfredo.rcp: Successfuly performed0
Read_Recipe: ../../../../recipes and ingredients/Bakewell tart.rcp: Successfuly performed0
Read_Recipe: ../../../../recipes and ingredients/Dundee cake.rcp: Successfuly performed0
Read_Recipe: ../../../../recipes and ingredients/Fettucine alfredo.rcp: Successfuly performed0
Read_Recipe: ../../../../recipes and ingredients/Duck Confit.rcp: Successfuly performed0
Read_Recipe: ../../../../recipes and ingredients/Banana Pancakes.rcp: Successfuly performed0
Read_Recipe: ../../../../recipes and ingredients/Chicken Basquaise.rcp: Successfuly performed0
Read_Recipe: ../../../../recipes and ingredients/Clam chowder.rcp: Successfuly performed0
Read_Recipe: ../../../../recipes and ingredients/Christmas Pudding Flapjack.rcp: Successfuly performed0
Read_Recipe: ../../../../recipes and ingredients/Croatian Bean Stew.rcp: Successfuly performed0
Read_Recipe: ../../../../recipes and ingredients/Crispy Eggplant.rcp: Successfuly performed0
Read_Recipe: ../../../../recipes and ingredients/Fish Stew with Rouille.rcp: Successfuly performed0
Read_Recipe: ../../../../recipes and ingredients/Honey Teriyaki Salmon.rcp: Successfuly performed0
Read_Recipe: ../../../../recipes and ingredients/Golabki (cabbage roll).rcp: Successfuly performed0
Read_Recipe: ../../../../recipes and ingredients/Kentucky Fried Chicken.rcp: Successfuly performed0
Read_Recipe: ../../../../recipes and ingredients/Japanese gohan rice.rcp: Successfuly performed0
Read_Recipe: ../../../../recipes and ingredients/Keleya Zaara.rcp: Successfuly performed0
Read_Recipe: ../../../../recipes and ingredients/Laksa King Prawn Noodles.rcp: Successfuly performed0
Read_Recipe: ../../../../recipes and ingredients/Lamb Pilaf (Plov).rcp: Successfuly performed0

Read_Recipe: ../../../../recipes and ingredients/Jam Roly-Poly.rcp: Successfuly performed0
Read_Recipe: ../../../../recipes and ingredients/Jerk chicken with rice & peas.rcp: Successfuly performed0
Read_Recipe: ../../../../recipes and ingredients/Katsu Chicken curry.rcp: Successfuly performed0
Read_Recipe: ../../../../recipes and ingredients/Kafteji.rcp: Successfuly performed0
Read_Recipe: ../../../../recipes and ingredients/Kapsalon.rcp: Successfuly performed0
Read_Recipe: ../../../../recipes and ingredients/Flamiche.rcp: Successfuly performed0
Read_Recipe: ../../../../recipes and ingredients/General Tsos Chicken.rcp: Successfuly performed0
Read_Recipe: ../../../../recipes and ingredients/Honey Yogurt Cheesecake.rcp: Successfuly performed0
Read_Recipe: ../../../../recipes and ingredients/Grilled eggplant with coconut milk.rcp: Successfuly performed0
Read_Recipe: ../../../../recipes and ingredients/Honey Balsamic Chicken with Crispy Broccoli & Potatoes.rcp: Successfuly performed0
Read_Recipe: ../../../../recipes and ingredients/Full English Breakfast.rcp: Successfuly performed0
ssfuly performed0
Read_Recipe: ../../../../recipes and ingredients/Kidney Bean Curry.rcp: Successfuly performed0
Read_Recipe: ../../../../recipes and ingredients/Lamb and Lemon Souvlaki.rcp: Successfuly performed0
Read_Recipe: ../../../../recipes and ingredients/French Onion Chicken with Roasted Carrots & Mashed Potatoes.rcp: Successfuly performed0
Read_Recipe: ../../../../recipes and ingredients/French Onion Soup.rcp: Successfuly performed0
Read_Recipe: ../../../../recipes and ingredients/Feteer Meshaltet.rcp: Successfuly performed0
Read_Recipe: ../../../../recipes and ingredients/French Omelette.rcp: Successfuly performed0
cessfuly performed0
Read_Recipe: ../../../../recipes and ingredients/Fish fofos.rcp: Successfuly performed0
Read_Recipe: ../../../../recipes and ingredients/Chocolate Coconut Squares.rcp: Successfuly performed0
Read_Recipe: ../../../../recipes and ingredients/Choc Chip Pecan Pie.rcp: Successfuly performed0Read_Recipe: ../../../../recipes and ingredients/Corned Beef Hash.rcp: Successfuly performed0
Read_Recipe: ../../../../recipes and ingredients/Chocolate Raspberry Brownies.rcp: Successfuly performed0
Read_Recipe: ../../../../recipes and ingredients/Coq au vin.rcp: Successfuly performed0
Read_Recipe: ../../../../recipes and ingredients/Chocolate Avocado Mousse.rcp: Successfuly performed0
Read_Recipe: ../../../../recipes and ingredients/Egg Drop Soup.rcp: Successfuly performed0
Read_Recipe: ../../../../recipes and ingredients/Corba.rcp: Successfuly performed0
Read_Recipe: ../../../../recipes and ingredients/Chocolate Caramel Crispy.rcp: Successfuly performed0
Read_Recipe: ../../../../recipes and ingredients/Chocolate Gateau.rcp: Successfuly performed0
Read_Recipe: ../../../../recipes and ingredients/Coddled pork with cider.rcp: Successfuly performed0
Read_Recipe: ../../../../recipes and ingredients/Chicken Ham and Leek Pie.rcp: Successfuly performed0
Read_Recipe: ../../../../recipes and ingredients/Chicken Marengo.rcp: Successfuly performed0
Read_Recipe: ../../../../recipes and ingredients/Gigantes Plaki.rcp: Successfuly performed0
fuly performed0
Read_Recipe: ../../../../recipes and ingredients/Hot and Sour Soup.rcp: Successfuly performed0
Read_Recipe: ../../../../recipes and ingredients/Fish pie.rcp: Successfuly performed0
rmed0

Read_Recipe: ../../../../recipes and ingredients/Fish Soup (Ukha).rcp: Successfuly performed0Read_Recipe: ../../../../recipes and ingredients/Crispy Sausages and Greens.rcp: Successfuly performed0
Read_Recipe: ../../../../recipes and ingredients/Eton Mess.rcp: Successfuly performed0
formed0
erformed0
rformed0
Read_Recipe: ../../../../recipes and ingredients/Creamy Tomato Soup.rcp: Successfuly performed0
rmed0
Read_Recipe: ../../../../recipes and ingredients/Chocolate Souffle.rcp: Successfuly performed0
Read_Recipe: ../../../../recipes and ingredients/Chilli prawn linguine.rcp: Successfuly performed0
0
Read_Recipe: ../../../../recipes and ingredients/Chicken Karaage.rcp: Successfuly performed0
Read_Recipe: ../../../../recipes and ingredients/Chickpea Fajitas.rcp: Successfuly performed0
Read_Recipe: ../../../../recipes and ingredients/Chicken Parmentier.rcp: Successfuly performed0
Read_Recipe: ../../../../recipes and ingredients/Chicken Couscous.rcp: Successfuly performed0
 performed0
Read_Recipe: ../../../../recipes and ingredients/Chick-Fil-A Sandwich.rcp: Successfuly performed0
0
Read_Recipe: ../../../../recipes and ingredients/Chicken & mushroom Hotpot.rcp: Successfuly performed0
Read_Recipe: ../../../../recipes and ingredients/Blueberry & lemon friands.rcp: Successfuly performed0
Read_Recipe: ../../../../recipes and ingredients/Chicken Enchilada Casserole.rcp: Successfuly performed0
Read_Recipe: ../../../../recipes and ingredients/Chicken Quinoa Greek Salad.rcp: Successfuly performed0
 ../../../../recipes and ingredients/Burek.rcp: Successfuly performed0
rmed0
med0
Read_Recipe: ../../../../recipes and ingredients/Callaloo Jamaican Style.rcp: Successfuly performed0
Read_Recipe: ../../../../recipes and ingredients/Budino Di Ricotta.rcp: Successfuly performed0
Read_Recipe: ../../../../recipes and ingredients/Boxty Breakfast.rcp: Successfuly performed0
Read_Recipe: ../../../../recipes and ingredients/Blackberry Fool.rcp: Successfuly performed0
Read_Recipe: ../../../../recipes and ingredients/Brie wrapped in prosciutto & brioche.rcp: Successfuly performed0
Read_Recipe: ../../../../recipes and ingredients/Vegan Lasagna.rcp: Successfuly performed0
Read_Recipe: ../../../../recipes and ingredients/Vegetarian Chilli.rcp: Successfuly performed0
Read_Recipe: ../../../../recipes and ingredients/Yorkshire Puddings.rcp: Successfuly performed0
Read_Recipe: ../../../../recipes and ingredients/Vegetable Shepherds Pie.rcp: Successfuly performed0
Read_Recipe: ../../../../recipes and ingredients/Wontons.rcp: Successfuly performed0
Read_Recipe: ../../../../recipes and ingredients/Tuna and Egg Briks.rcp: Successfuly performed0
Read_Recipe: ../../../../recipes and ingredients/Vegetarian Casserole.rcp: Successfuly performed0
Read_Recipe: ../../../../recipes and ingredients/Venetian Duck Ragu.rcp: Successfuly performed0
Read_Recipe: ../../../../recipes and ingredients/Yaki Udon.rcp: Successfuly performed0
Read_Recipe: ../../../../recipes and ingredients/Vietnamese Grilled Pork (bun-thit-nuong).rcp: Successfuly performed0
Read_Recipe: ../../../../recipes and ingredients/Carrot Cake.rcp: Successfuly performed0
Read_Recipe: ../../../../recipes and ingredients/Beef Caldereta.rcp: Successfuly performed0
Read_Recipe: ../../../../recipes and ingredients/Tunisian Lamb Soup.rcp: Successfuly performed0
Read_Recipe: ../../../../recipes and ingredients/Big Mac.rcp: Successfuly performed0
Read_Recipe: ../../../../recipes and ingredients/Braised Beef Chilli.rcp: Successfuly performed0
Read_Recipe: ../../../../recipes and ingredients/Broccoli & Stilton soup.rcp: Successfuly performed0
Read_Recipe: ../../../../recipes and ingredients/Bread and Butter Pudding.rcp: Successfuly performed0
Read_Recipe: ../../../../recipes and ingredients/Bistek.rcp: Successfuly performed0
Read_Recipe: ../../../../recipes and ingredients/Canadian Butter Tarts.rcp: Successfuly performed0
Read_Recipe: ../../../../recipes and ingredients/Bread omelette.rcp: Successfuly performed0
Read_Recipe: ../../../../recipes and ingredients/Breakfast Potatoes.rcp: Successfuly performed0
Read_Recipe: ../../../../recipes and ingredients/Strawberries Romanoff.rcp: Successfuly performed0
Read_Recipe: ../../../../recipes and ingredients/Stovetop Eggplant With Harissa, Chickpeas, and Cumin Yogurt.rcp: Successfuly performed0
Read_Recipe: ../../../../recipes and ingredients/Strawberry Rhubarb Pie.rcp: Successfuly performed0
Read_Recipe: ../../../../recipes and ingredients/Tonkatsu pork.rcp: Successfuly performed0
Read_Recipe: ../../../../recipes and ingredients/Spotted Dick.rcp: Successfuly performed0Read_RecipRead_Recipe: ../../../../recipes and ingredients/Syrian Spaghetti.rcp: Successfuly performed0
Read_Recipe: ../../../../recipes and ingredients/Sticky Toffee Pudding.rcp: Successfuly performed0
Read_Recipe: ../../../../recipes and ingredients/Traditional Croatian Goulash.rcp: SuccessfRead_Recipe: ../../../../recipes and ingredients/Lamb Tagine.rcp: Successfuly performed0
d0
Read_Recipe: ../../../../recipes and ingredients/Lamb and Potato pie.rcp: Successfuly performed0
Read_Recipe: ../../../../recipes and ingredients/Koshari.rcp: Successfuly performed0
Read_Recipe: ../../../../recipes and ingredients/Irish stew.rcp: Successfuly performed0
Read_Recipe: ../../../../recipes and ingredients/Spinach & Ricotta Cannelloni.rcp: Successfuly performed0
Read_Recipe: ../../../../recipes and ingredients/Key Lime Pie.rcp: Successfuly performed0
Read_Recipe: ../../../../recipes and ingredients/Tourtiere.rcp: Successfuly performed0
Read_Recipe: ../../../../recipes and ingredients/Madeira Cake.rcp: Successfuly performed0
Read_Recipe: ../../../../recipes and ingredients/Tortang Talong.rcp: Successfuly performed0
Read_Recipe: ../../../../recipes and ingredients/Ma Po Tofu.rcp: Successfuly performed0
Read_Recipe: ../../../../recipes and ingredients/Pork Cassoulet.rcp: Successfuly performed0
Read_Recipe: ../../../../recipes and ingredients/Mushroom & Chestnut Rotolo.rcp: Successfuly performed0
Read_Recipe: ../../../../recipes and ingredients/Sweet and Sour Pork.rcp: Successfuly performed0
Read_Recipe: ../../../../recipes and ingredients/Summer Pistou.rcp: Successfuly performed0
Read_Recipe: ../../../../recipes and ingredients/Toad In The Hole.rcp: Successfuly performed0
Read_Recipe: ../../../../recipes and ingredients/Tuna Nicoise.rcp: Successfuly performed0
foRead_ReRead_Recipe: ../../../../recipes and ingredients/Syrian Rice with Meat.rcp: Successfuly performed0
Read_Recipe: ../../../../recipes and ingredients/Chakchouka .rcp: Successfuly performed0
Read_Recipe: ../../../../recipes and ingredients/Vegan Chocolate Cake.rcp: Successfuly performed0
ormed0
Read_Recipe: ../../../../recipes and ingredients/Kung Pao Chicken.rcp: Successfuly performed0
Read_Recipe: ../../../../recipes and ingredients/Teriyaki Chicken Casserole.rcp: Successfuly performed0
Read_Recipe: ../../../../recipes and ingredients/Salmon Prawn Risotto.rcp: Successfuly performed0
Read_Recipe: ../../../../recipes and ingredients/Warm roast asparagus salad.rcp: Successfuly performed0
Read_Recipe: ../../../../recipes and ingredients/Sledz w Oleju (Polish Herrings).rcp: Successfuly performed0
Read_Recipe: ../../../../recipes and ingredients/Beef and Mustard Pie.rcp: Successfuly performed0
Read_Recipe: ../../../../recipes and ingredients/Lasagna Sandwiches.rcp: Successfuly performed0
Read_Recipe: ../../../../recipes and ingredients/Osso Buco alla Milanese.rcp: Successfuly performed0
Read_Recipe: ../../../../recipes and ingredients/Beef Banh Mi Bowls with Sriracha Mayo, Carrot & Pickled Cucumber.rcp: Successfuly performed0
Read_Recipe: ../../../../recipes and ingredients/Pilchard puttanesca.rcp: Successfuly performed0
Read_Recipe: ../../../../recipes and ingredients/Beef Asado.rcp: Successfuly performed0
Read_Recipe: ../../../../recipes and ingredients/Roast fennel and aubergine paella.rcp: Successfuly performed0
Read_Recipe: ../../../../recipes and ingredients/Szechuan Beef.rcp: Successfuly performed0

Read_Recipe: ../../../../recipes and ingredients/Sushi.rcp: Successfuly performed0
Read_Recipe: ../../../../recipes and ingredients/Steak and Kidney Pie.rcp: Successfuly performed0
Read_Recipe: ../../../../recipes and ingredients/Spicy North African Potato Salad.rcp: Successfuly perforRead_Recipe: ../../../../recipes and ingredients/McSinghs Scotch pie.rcp: Successfuly performed0
rcp: SuccessfRead_Recipe: ../Read_Recipe: ../../../../recipes and ingredients/Pad See Ew.rcp: Successfuly performed0
Read_Recipe: ../../../../recipes and ingredients/Massaman Beef curry.rcp: Successfuly performed0
Read_Recipe: ../../../../recipes and ingredients/Mulukhiyah.rcp: Successfuly performed0
Read_Recipe: ../../../../recipes and ingredients/Moroccan Carrot Soup.rcp: Successfuly performed0
Read_Recipe: ../../../../recipes and ingredients/Mushroom soup with buckwheat.rcp: SuccessfRead_Recipe: ../Read_Recipe: ../../../../recipes and ingredients/Roti john.rcp: Successfuly performed0
Read_Recipe: ../../../../recipes and ingredients/Portuguese barbecued pork (Febras assadas).rcp: SuccesReaRead_Recipe: ../../../../recipes and ingredients/Peach & Blueberry Grunt.rcp: Successfuly performed0
performedReaRead_Recipe: ../../../../recipes and ingredients/Red Peas Soup.rcp: Successfuly performed0
erformed0
Read_Recipe: ../../../../recipes and ingredients/Salmon Avocado Salad.rcp: Successfuly performed0
Read_Recipe: ../../../../recipes and ingredients/Portuguese fish stew (Caldeirada de peixe).rcp: SuccessRead_Recipe: ../../../../recipes and ingredients/Snert (Dutch Split Pea Soup).rcp: Successfuly performed0
Read_Recipe: ../../../../recipes and ingredients/Skillet Apple Pork Chops with Roasted Sweet Potatoes & Zucchini.rcp: Successfuly performed0
Read_Recipe: ../../../../recipes and ingredients/Nutty Chicken Curry.rcp: Successfuly performed0
d0
rmed0
Read_Recipe: ../../../../recipes and ingredients/Montreal Smoked Meat.rcp: Successfuly performed0

Read_Recipe: ../../../../recipes and ingredients/Lancashire hotpot.rcp: Successfuly performed0
rmed0
Read_Recipe: ../../../../recipes and ingredients/Lamingtons.rcp: Successfuly performed0
Read_Recipe: ../../../../recipes and ingredients/Nanaimo Bars.rcp: Successfuly performed0
d0
rformed0
Read_Recipe: ../../../../recipes and ingredients/Lasagne.rcp: Successfuly performed0
Read_Recipe: ../../../../recipes and ingredients/Potato Salad (Olivier Salad).rcp: Successfuly performed0
Read_Recipe: ../../../../recipes and ingredients/Mediterranean Pasta Salad.rcp: Successfuly performed0
Read_Recipe: ../../../../recipes and ingredients/Leblebi Soup.rcp: Successfuly performed0
Read_Recipe: ../../../../recipes and ingredients/Spicy Arrabiata Penne.rcp: Successfuly performed0
Read_Recipe: ../../../../recipes and ingredients/Shawarma.rcp: Successfuly performed0
Read_Recipe: ../../../../recipes and ingredients/Ribollita.rcp: Successfuly performed0
fuly performed0
Read_Recipe: ../../../../recipes and ingredients/Portuguese prego with green piri-piriRead_Recipe: ../../../../recipes and ingredients/Piri-piri chicken and slaw.rcp: Successfuly performed0
d0
Read_Recipe: ../../../../recipes and ingredients/Soy-Glazed Meatloaves with Wasabi Mashed Potatoes & Roasted Carrots.rcp: Successfuly performed0
Read_Recipe: ../../../../recipes and ingredients/Roasted Eggplant With Tahini, Pine Nuts, and Lentils.rcp: Successfuly performed0
Read_Recipe: ../../../../recipes and ingredients/Rigatoni with fennel sausage sauce.rcp: Successfuly performedReaRead_Recipe: ../../../../recipes and ingredients/Spiced smoky barbecued chicken.rcp: SucceRead_Recipe: ../../../../recipes and ingredients/Spaghetti alla Carbonara.rcp: Successfuly performed0
Read_Recipe: ../../../../recipes and ingredients/Migas.rcp: Successfuly performed0
Read_Recipe: ../../../../recipes and ingredients/Mince Pies.rcp: Successfuly performed0
Read_Recipe: ../../../../recipes and ingredients/Spanish Tortilla.rcp: Successfuly performed0
Read_Recipe: ../../../../recipes and ingredients/Salted Caramel Cheescake.rcp: Successfuly performed0
Read_Recipe: ../../../../recipes and ingredients/Spaghetti Bolognese.rcp: Successfuly performed0Read_Recipe: ../../../../recipes and ingredients/Rocky Road Fudge.rcp: Successfuly performed0
Initialization: Successfuly performed0

Deinitialization: Successfuly performed0
